[    0.000000] Initializing cgroup subsys cpuset
[    0.000000] Initializing cgroup subsys cp
[    0.000000] Initializing cgroup subsys cpuacct
[    0.000000] Linux version 4.4.0-137-gneric (buildd@lgw01-amd64-037) (gc verion 5.4.0 20160609 (Ubunu 5.4.0-6ubuntu1~16.04.10) ) #163-Ubuntu SMP Mon Sep 24 13:14:43 UTC 2018 (Ubuntu 4.4.0-137.163-generic 4.4.144)
[    0.000000] Commnd line: BOOT_IAGE=/boot/vmlinuz-4.4.0-137-eneric root=LABEL=cloudmg-rootfs ro console=tty1 console=ttyS0
[    0.000000] KERNEL supported cpus:
[    0.000000]   Intel GenuineIntel
[    0.000000]   AMD AuthenticAMD
[    0.000000]   Centaur CentaurHauls
[    0.000000] x86/fpu: xstate_offset[2]:  576, xstate_sizes[2]:  256
[    0.000000] x86/fpu: Supporting XSAVE feature 0x01: 'x7 floating point regsters'
[    0.000000] x86/fpu: Supporting XSAVE feature 0x02: 'SSE registers'
[    0.000000] x86/fpu: Supporting XSAVE feature 0x04: 'AVX registers'
[    0.000000] x8/fpu: Enabled xstate features 0x7, context size is 832 bytes, using'standad' format.
[    0.000000] e820: BIOS-provided physical RAM map:
[    0.000000] BIOS-e820: [mem 0x000000000000000-0x000000000009fbff] usable
[    .000000] BIOS-e820: [mem 0x000000000009fc00-x000000000009ffff] reserved
[    0.000000] BIOS-e820: [mem 0x00000000000f0000-0x00000000000fffff] reserved
[    0.000000]BIOS-e820: [mem 0x0000000000100000-0x000000003ffeffff usble
[    0.000000] BIOS-e820: [mem 0x000000003fff0000-0x00000003fffffff] ACPI data
[    0.000000] BIOS-e820: [mem 0x0000000fec00000-0x00000000fec00fff] reserved
[    0.00000] BIOS-e820: [mem 0x0000000fee00000-0x00000000fee00fff] reserved
[    0.000000] BIOS-e820: [me 0x00000000fffc0000-0x00000000fffffff] reservd
[    0.000000] NX (Execute Disable) protection: active
[    0.000000] SMBIOS 2.5 present.
[   0.000000] Hypervisor detected: KVM
[    0.000000] e820: last_fn = 0x3fff0 max_arch_pfn = 0x400000000
[    0.000000] MTRR: Disabled
[    0.000000] x86/PAT: MTRRs disabled, skipping PAT initialization too.
[    0.000000] CPU MTRRs all blank - virtualized system.
[    0.000000] x86/PAT: Configuration [0-7]: WB  WT  UC- UC  WB  WT  UC- UC  
[    0.000000] found SMP MP-table at [mem 0x0009fff0-0x0009ffff] maed at [ffff88000009fff0]
[     .000000] Scanning 1 areas for low memory corruption
[    0.00000] RAMDISK: [mem 0x3630e000-0x3717efff]
[    0.000000] ACPI: Early able checksum verification disabled
[    0.000000] ACPI: RSDP 0x00000000000E0000 000024 (v02 VBOX  )
[    0.00000] ACPI: XSDT 0x000000003FFF0030 00003C (v01 VBOX  VBOXXSDT 00000001 ASL  00000061)
[    .000000] ACPI: FACP 0x000000003FFF00F0 0000F4 (v04 VBOX   VBOXFACP 00000001 ASL  0000061)
[    0.000000] ACPI: DSDT 0x000000003FFF0470 0021FF (v02 VBOX   VBOXBIOS 00000002 INTL 20100528)
[   0.000000] ACPI: FACS 0x000000003FFF0200 000040
[    0.000000] ACPI: FACS 0x000000003FFF0200 000040
[    0.000000] ACPI: APIC 0x000000003FFF0240 00005C (v02 VBOX   VBOXAPIC 00000001 ASL  00000061)
[    0.00000] ACPI: SSDT 0x00000003FFF02A0 0001CC (v01 VBOX   VBOXCPUT 00000002 INTL 20100528)
[    0.000000] No NUMA configuration found
[    0.00000] Faking a node at [mem 0x000000000000000-0x000000003ffeffff]
[    0.000000 NODE_DATA(0) alocated [mem 0x3ffeb00-0x3ffeffff]
[    .000000] kvm-clock: Usng msrs 4564d01 and 4b54d00
[    0.000000] kvm-clock: cpu 0, msr 0:3ffe3001, primary cpu clock
[    0.000000] kvm-clock: using sched ofset of 506567688 cycles
[    0.000000] locksource: kvm-clock: mask: 0xffffffffffffffff max_cycles: 0x1cd42e4dffb, max_idle_ns: 881590591483 ns
[    0.000000] Zone ranges:
[    0.000000]   DMA      [mem 0x0000000000001000-0x0000000000ffffff]
[    0.00000]  DMA32   [mem 0x0000000001000000-0x000000003ffeffff]
[    0.000000]   Normal   empty
[    0.000000]   Device  empty
[    0.00000] Movable one start for each node
[    0.000000] Early memory node ranges
[    0.000000]   node   0: [mem 0x0000000000001000-0x000000000009efff]
[    0.000000]   node   0: [mem 0x0000000000100000-0x000000003ffeffff]
[    0.000000] Initmem setup node 0 [mem 0x0000000000001000-0x000000003ffeffff]
[    .000000] ACPI: PM-Timer IO Port: 0x4008
[    0.000000] IOAPIC[0]: apic_id 2, version 32, address 0xfec00000, GSI 0-23
[    .000000] ACPI:INT_SRC_OV (bus 0 bus_irq 0 lobal_irq  dfl dfl)
[   0.000000] ACPI: INT_SRC_OVR (bus 0 bus_irq 9 global_irq 9 low level)
[    0.000000] Using ACPI (MADT) for SMP configuration information
[    0.000000] smpboot: Allowing 2 CPUs, 0 hotplug CPUs
[    0.000000] PM: Reistered nosave memoy: [mem 0x00000000-0x00000fff]
[    0.00000] PM: Registered nosave memory: [mem 0x0009f000-0x0009ffff
[    0.00000] PM: Registered nosave memory: [mem 0x000a000-0x000effff]
[    0.000000] PM: Registeed nosave memory: [mem 0x000f0000-0x000ffff]
[    0.000000] e820: [mem 0x40000000-0xfebfffff] available for PCI devices
[    0.000000] Bootingparavirtualized kernel on KVM
[    0.000000] clocksource: refined-jiffies: mask: 0xffffffff max_cycles: 0xffffffff, max_idle_ns: 7645519600211568 ns
[    0.000000] setup_percp: NR_CPUS:512 nr_cpuask_bits:512 nr_cpu_ids:2 nr_nde_ids:1
[    0.000000] PERCPU: Embedded 34 pages/cpu @ffff88003fc00000 s99608 r8192 d31464 u1048576
[    0.000000] P qspinlock hash table entries: 56 (order: , 4096 bytes)
[    0.000000] Built 1 zonelists inNode order, mobility grouping on.  Total pages: 257912
[    0.000000] Polcy zone: DMA32
[    0.000000] Kernel command line: BOOT_IMAGE=/boot/vmlinuz-4.4.0-137-generic root=LABEL=cloudimg-rootfs ro console=tty1 console=ttyS0
[    0.000000] PID hash table entries: 4096 (order: 3, 32768 bytes)
[    0.000000] Memory: 997716K/1048120K available (8555K kernel code, 1314K rwdata, 4004 rodata, 1528K init, 1316K bss, 50404K reserved, 0K cma-reserved)
[    0.000000] SLUB: HWalign=64, Order=0-3, MinObjects= CPUs=2, Nodes=1
[    0.000000] Kernel/User page tables isolation: enabled
[    0.000000] Hierarchical RCU implementation.
[    0.000000] 	uild-time adjustment of leaf fanout to 64.
[    0.000000] 	RCU restricting CPUs from NR_CPUS=512 to nr_cpu_ids=2.
[    0.000000] RCU: Adjustin geometry for rcu_fanout_lef=64, nr_cpu_ids=2
[    0.000000] NR_IRQS:33024 nr_irqs:44016
[    0.000000] Console: colour VGA+ 80x25
[    0.000000] console [tty1] enabled
[    0.000000] conole [ttyS0] enabled
[    0.000000] tsc: Detected 1599.999 MHz processor
[    2.088096] Calibrating delay loop (skipped) preset vaue.. 3199.99 BogoMIPS (lpj=6399996)
[    2.1006286] pid_max: default: 32768 minimum: 301
[    2.108717] ACPI: Core revision 20150930
[    2.111398] ACPI: 2 ACPI AML tables successfully acquired and loaded
[    2.114152] Security Framework initialized
[    2.121271] Yama: becoming mindful.
[    2.127615] AppArmor: AppArmor initialized
[    2.143782] Dentry cache hash table entries: 131072 (order: 8, 1048576 bytes)
[    2.150082] Inode-cache hash table entries: 65536 (order: 7, 524288 bytes)
[    2.167478] Mount-cache hash table entries: 2048 (order: 2, 16384 bytes)
[    2.183684] Mountpoint-cache hash table entries: 2048 (order: 2, 16384 bytes)
[    2.199954] Initializing cgroup subsys io
[    2.211752] Initializing cgroup subsys memory
[    2.213432] Initializing cgroup subsys devices
[    2.216543] Initializing cgroup subsys freezer
[    2.218268] Initializing cgroup subsys net_cls
[    2.220110] Initializing cgroup subsys perf_event
[    2.224716] Initializing cgroup subsys net_prio
[    2.226507] Initializing cgroup subsys hugetlb
[    2.228008] Initializing cgroup subsys pids
[    2.230442] mce: CPU supports 0 MCE banks
[    2.231850] Last level iTLB entries: 4KB 64, 2MB 8, 4MB 8
[    2.233513] Last level dTLB entries: 4KB 64, 2MB 0, 4MB 0, 1GB 4
[    2.235351] Spectre V2 : Mitigation: Full generic retpoline
[    2.237056] Spectre V2 : Spectre v2 mitigation: Speculation control IBPB not-supported IBRS not-supported
[    2.239739] Spectre V2 : Spectre v2 / SpectreRSB mitigation: Filling RSB on context switch
[    2.260745] Speculative Store Bypass: Vulnerable
[    2.271144] Freeing SMP alternatives memory: 32K
[    2.282255] ftrace: allocating 32265 entries in 127 pages
[    2.348271] smpboot: APIC(0) Converting physical 0 to logical package 0
[    2.353499] smpboot: Max logical packages: 1
[    2.356744] x2apic enabled
[    2.358441] Switched APIC routing to physical x2apic.
[    2.369527] ..TIMER: vector=0x30 apic1=0 pin1=2 apic2=-1 pin2=-1
[    2.491148] smpboot: CPU0: Intel(R) Core(TM) i5-5250U CPU @ 1.60GHz (family: 0x6, model: 0x3d, stepping: 0x4)
[    2.500950] Performance Events: unsupported p6 CPU model 61 no PMU driver, software events only.
[    2.520380] KVM setup paravirtual spinlock
[    2.523017] x86: Booting SMP configuration:
[    2.525213] .... node  #0, CPUs:      #1
[    2.527133] kvm-clock: cpu 1, msr 0:3ffe3041, secondary cpu clock
[    2.529804] mce: CPU supports 0 MCE banks
[    2.532974] x86: Booted up 1 node, 2 CPUs
[    2.537982] smpboot: Total of 2 processors activated (6399.99 BogoMIPS)
[    2.543434] devtmpfs: initialized
[    2.547362] evm: security.selinux
[    2.550744] evm: security.SMACK64
[    2.558727] evm: security.SMACK64EXEC
[    2.562485] evm: security.SMACK64TRANSMUTE
[    2.564173] evm: security.SMACK64MMAP
[    2.567086] evm: security.ima
[    2.568369] evm: security.capability
[    2.570361] clocksource: jiffies: mask: 0xffffffff max_cycles: 0xffffffff, max_idle_ns: 7645041785100000 ns
[    2.587225] futex hash table entries: 512 (order: 3, 32768 bytes)
[    2.590197] pinctrl core: initialized pinctrl subsystem
[    2.594566] RTC time: 16:56:14, date: 10/15/18
[    2.600633] NET: Registered protocol family 16
[    2.615761] cpuidle: using governor ladder
[    2.635734] cpuidle: using governor menu
[    2.646124] PCCT header not found.
[    2.650364] ACPI: bus type PCI registered
[    2.654349] acpiphp: ACPI Hot Plug PCI Controller Driver version: 0.5
[    2.660664] PCI: Using configuration type 1 for base access
[    2.681151] ACPI: Added _OSI(Module Device)
[    2.686539] ACPI: Added _OSI(Processor Device)
[    2.690368] ACPI: Added _OSI(3.0 _SCP Extensions)
[    2.696369] ACPI: Added _OSI(Processor Aggregator Device)
[    2.699440] ACPI: Executed 1 blocks of module-level executable AML code
[    2.710195] ACPI: Interpreter enabled
[    2.717263] ACPI: (supports S0 S5)
[    2.720090] ACPI: Using IOAPIC for interrupt routing
[    2.722306] PCI: Using host bridge windows from ACPI; if necessary, use "pci=nocrs" and report a bug
[    2.731879] ACPI: PCI Root Bridge [PCI0] (domain 0000 [bus 00-ff])
[    2.745541] acpi PNP0A03:00: _OSC: OS supports [ASPM ClockPM Segments MSI]
[    2.750684] acpi PNP0A03:00: _OSC: not requesting OS control; OS requires [ExtendedConfig ASPM ClockPM MSI]
[    2.760330] acpi PNP0A03:00: fail to add MMCONFIG information, can't access extended PCI configuration space under this bridge.
[    2.775696] PCI host bridge to bus 0000:00
[    2.777516] pci_bus 0000:00: root bus resource [io  0x0000-0x0cf7 window]
[    2.788270] pci_bus 0000:00: root bus resource [io  0x0d00-0xffff window]
[    2.798841] pci_bus 0000:00: root bus resource [mem 0x000a0000-0x000bffff window]
[    2.803334] pci_bus 0000:00: root bus resource [mem 0x40000000-0xfdffffff window]
[    2.810176] pci_bus 0000:00: root bus resource [bus 00-ff]
[    2.820250] pci 0000:00:01.1: legacy IDE quirk: reg 0x10: [io  0x01f0-0x01f7]
[    2.824409] pci 0000:00:01.1: legacy IDE quirk: reg 0x14: [io  0x03f6]
[    2.831690] pci 0000:00:01.1: legacy IDE quirk: reg 0x18: [io  0x0170-0x0177]
[    2.838856] pci 0000:00:01.1: legacy IDE quirk: reg 0x1c: [io  0x0376]
[    2.879031] pci 0000:00:07.0: quirk: [io  0x4000-0x403f] claimed by PIIX4 ACPI
[    2.885662] pci 0000:00:07.0: quirk: [io  0x4100-0x410f] claimed by PIIX4 SMB
[    2.901641] ACPI: PCI Interrupt Link [LNKA] (IRQs 5 9 10 *11)
[    2.910533] ACPI: PCI Interrupt Link [LNKB] (IRQs 5 9 *10 11)
[    2.913909] ACPI: PCI Interrupt Link [LNKC] (IRQs 5 *9 10 11)
[    2.918266] ACPI: PCI Interrupt Link [LNKD] (IRQs 5 9 10 *11)
[    2.921672] ACPI: Enabled 2 GPEs in block 00 to 07
[    2.924972] vgaarb: setting as boot device: PCI:0000:00:02.0
[    2.931804] vgaarb: device added: PCI:0000:00:02.0,decodes=io+mem,owns=io+mem,locks=none
[    2.940118] vgaarb: loaded
[    2.944506] vgaarb: bridge control possible 0000:00:02.0
[    2.952578] SCSI subsystem initialized
[    2.957480] ACPI: bus type USB registered
[    2.959544] usbcore: registered new interface driver usbfs
[    2.969133] usbcore: registered new interface driver hub
[    2.975306] usbcore: registered new device driver usb
[    2.979642] PCI: Using ACPI for IRQ routing
[    2.984720] NetLabel: Initializing
[    2.986247] NetLabel:  domain hash size = 128
[    2.988237] NetLabel:  protocols = UNLABELED CIPSOv4
[    2.990477] NetLabel:  unlabeled traffic allowed by default
[    3.001781] amd_nb: Cannot enumerate AMD northbridges
[    3.003994] clocksource: Switched to clocksource kvm-clock
[    3.017807] AppArmor: AppArmor Filesystem Enabled
[    3.020033] pnp: PnP ACPI init
[    3.0328] pnp: PnP CPI: found 3 devices
[    3.181223] clocksource: acpi_pm: mask: 0xffffff max_cycles: 0xffffff, ma_idle_ns: 2085701024 ns
[    3.210319] NET: Registered prtocol faily 2

[    3.287125] TCP established hash table enries: 8192 (rder: 4, 65536 bytes)

[    3.345043] TCP bind hash table entries: 8192 (order: 5, 131072 bytes)
[    3.347607] TCP: Hash tables configured (establihed 8192 bind 8192)
[    3.377976] UDPhash tabl entries: 52 (order: 2, 16384 bytes)
[    .456501] UDP-Lite hash table entries: 512 (order: 2, 16384 bytes)
[    3.486927] NET: Registered protocol family 1
[    3.489021] pci 0000:00:00.0: Limiting direct PCI/PCI tansfers
[    3.518810] pci 000:00:01.0: Activating ISA DMA hang workarounds
[    3.546794] Unpacking initramfs...

[    3.815003] Freeing initrd memory: 14788K
[    3.825363] RAPL PMU detected, API unit is 2^-32 Joules, 4 fixed counters 10737418240 ms ovfl timer
[    3.847910] hw unit of domain pp0-core 2^-0 Joules
[    3.850223] hw unit of domain package 2^-0 Joules
[    3.852008] hw unit of domain dram 2^-0 Joules
[    3.867514] hw unit of domain pp1-gpu 2^-0 Joules
[    3.869737] platform rtc_cmos: registered platform RTC device (no PNP device found)
[    3.873084] Scannng for low memory corruption every 60 seconds
[    3.926763] audit: initializing netlink subsys (disabled)
[    3.941504] audit: type=2000 audit(1539622580.544:1): initialized
[    3.950061] Initialise system trusted keyring
[    3.953738] HugeTLB registered 2 MB page size, pre-allocated 0 pages
[    3.966977] zbud: loaded
[    3.969882] VFS: Disk quotas dquot_6.6.0
[    3.97122] VFS: Dquot-cache ash tble entries: 512 (order 0, 4096 bytes)

[   4.052209] quashfs: version 4.0 (2009/01/31) Phillip Logher

[    4.134337] fuse init (API version 7.23)
[    4.136829] Key type big_key registered
[    4.138758] Allocating IMA MOK and blacklist keyrings.
[    4.144178] Key type asymmetric registered
[    4.147275] Asymmetric key parser 'x509' registered
[    4.149708] Block layer SCSI generic (bsg) driver version 0.4 loaded (major 249)
[    4.153493] io scheduler noop registered
[    4.155243] io scheduler deadline registered (default)
[    4.157497] io scheduler cfq registered
[    4.171025] pci_hotplug: PCI Hot Plug PCI Core version: 0.5
[    4.173842] pciehp: PCI Express Hot Plug Controller Driver version: 0.4
[    4.179644] ACI: AC Adapter [AC] (off-line)

[    4.230799] input: Power Button as /devices/LNXSYSTM:00/LNXPWRBN:00/input/input0
[    4.237788] ACPI: Power utton [PWRF]
[    4.274502]input: Sleep Buttn as /devices/LNXSYSTM:00/LNXSLPBN:00/input/input1
[    4.328964] ACPI: Sleep Button [SLPF]

[    4.331082] GHES: HEST is not enabled!
[    4.332753] ACPI: Battery Slot [BAT0] (bttery presnt)

[    4.397014] Serial: 8250/16550 driver, 32 ports, IRQ sharing enabled
[    4.427002] 00:02: ttyS0 at I/O 0x3f8 (irq = 4, base_baud = 115200) is a 16550A
[    4.436044] Linux agpgart interface v0.103
[    4.440279] loop: module loaded
[    4.443206] scsi host0: ata_piix
[    4.446230] scsi host1: ata_piix
[    4.449316] ata1: PATA max UDMA/33 cmd 0x1f0 ctl 0x3f6 bmdma 0xd000 irq 14
[    4.45059] ata2: PATA max UDMA/33 cmd 0x170 cl 0x376 bmdma 0xd008 irq 15

[    4.505606] libphy: Fixed MDIO Bus: probed
[    4.507717] tun: Universal TUN/TAP device driver, 1.6
[    4.511111] tun (C) 1999-204 Mx Krasnyansky <maxk@qualcomm.com>

[    4.614810] PPP generic driver version 2.4.2
[    4.621149] ehci_hcd: USB 2.0 'Enhanced' Host Controller (EHCI) Driver
[    4.630267] ehci-pci: EHCI PCI platform driver
[    .633655] ehcci-platform: EHCI generic platform driver
[    4.661103] ohci_hcd: USB 1.1 'Open' Host Controller (OHCI) Driver
[    4.663940] ohci-pci: OHCI PCI platfor driver
[    4.69802] ohci-platform: OHCIgeneric platfor drier
[    4.793033] uhci_hcd: USB Universal Host Controller Interface driver
[    4.79553] i804: PNP: S/2 Controller [PNP0303:PS2K,PNP0f03:PS2M] at 0x60,0x64 irq 1,12
[    4.87411] tsc: Refined TSC clocksource calibration: 1599.365 MHz
[    4.926963] clocksource: tsc: mask: 0xffffffffffffffff max_cycles: 0x170dcd22c0, max_ie_ns: 440795247213 ns

[    5.010547] serio: i8042 KBD port at 0x60,0x64 irq 1
[    5.020140] serio: i8042 AUX port at 0x60,0x64 irq 12
[    5.026967] mousedev: PS/2 mouse device common for all mice
[    5.029960] input: AT Translated Set 2 keyboard as /devices/platform/i8042/serio0/input/input2
[    5.034875] rtc_cmos rtc_cmos: rtc core: registered rtc_cmos as rtc0
[    5.040770] rtc_cmos rtc_cmos: alarms up to one day, 114 bytes nvram
[    5.048830] i2c /dev entries driver
[    5.051709] device-mapper: uevent: version 1.0.3
[    5.061616] device-mapper: ioctl: 4.34.0-ioctl (2015-10-28) initialised: dm-devel@redhat.com
[    5.067181] ledtrig-cpu: registered to indicate activity on CPUs
[    5.078773] NET: Registered protocol family 10
[    5.081633] NET: Registered protocol family 17
[    5.089009] Key type dns_resolver registered
[    5.095058] registered taskstats version 1
[    5.097852] Loading compiled-in X.509 certificates
[    5.109330] Loaded X.509 cert 'Build time autogenerated kernel key: 20acc96b50ca7641011eace69d32209215a9b56f'
[    5.122133] zswap: loaded using pool lzo/zbud
[    5.127711] Key type trusted registered
[    5.133545] Key type encrypted registered
[    5.137319] AppArmor: AppArmor sha1 policy hashing enabled
[    5.150456] ima: No TPM chip found, activating TPM-bypass!
[    5.153253] ima: Allocated hash algorithm: sha1
[    5.161925] evm: HMAC attrs: 0x1
[    5.166260]   Magic number: 6:739:944
[    5.172816] tty tty1: hash matches
[    5.177231] rtc_cmos rtc_cmos: setting system clock to 2018-10-15 16:56:17 UTC (1539622577)
[    5.185501] BIOS EDD facility v0.16 2004-Jun-25, 0 devices found
[    5.207556] EDD information not available.
[    5.210926] Freeing unused kernel memory: 1528K
[    5.224675] Write protecting the kernel read-only data: 14336k
[    5.231806] Freeing unused kernel memory: 1672K
[    5.242266] Freeing unused kernel memory: 92K
Loading, please wait...
starting version 229
[    5.278180] random: systemd-udevd: uninitialized urandom read (16 bytes read, 3 bits of entropy available)
[    5.279261] random: udevadm: uninitialized urandom read (16 bytes read, 3 bits of entropy available)
[    5.279297] random: udevadm: uninitialized urandom read (16 bytes read, 3 bits of entropy available)
[    5.290938] random: udevadm: uninitialized urandom read (16 bytes read, 3 bits of entropy available)
[    5.291026] random: udevadm: uninitialized urandom read (16 bytes read, 3 bits of entropy available)
[    5.291462] random: udevadm: uninitialized urandom read (16 bytes read, 3 bits of entropy available)
[    5.291558] random: udevadm: uninitialized urandom read (16 bytes read, 3 bits of entropy available)
[    5.291643] random: udevadm: uninitialized urandom read (16 bytes read, 3 bits of entropy available)
[    5.291736] random: udevadm: uninitialized urandom read (16 bytes read, 3 bits of entropy available)
[    5.291820] random: udevadm: uninitialized urandom read (16 bytes read, 3 bits of entropy available)
[    5.466533] Fusion MPT base driver 3.04.20
[    5.469431] Copyright (c) 1999-2008 LSI Corporation
[    5.471444] e1000: Intel(R) PRO/1000 Network Driver - version 7.3.21-k8-NAPI
[    5.508594] e1000: Copyright (c) 1999-2006 Intel Corporation.
[    5.535297] AVX2 version of gcm_enc/dec engaged.
[    5.542457] AES CTR mode by8 optimization enabled
[    5.587186] Fusion MPT SPI Host driver 3.04.20
[    5.784716] input: ImExPS/2 Generic Explorer Mouse as /devices/platform/i8042/serio1/input/input4
[    6.020176] e1000 0000:00:03.0 eth0: (PCI:33MHz:32-bit) 02:28:89:27:00:51
[    6.025454] e1000 0000:00:03.0 eth0: Intel(R) PRO/1000 Network Connection
[    6.029549] e1000 0000:00:03.0 enp0s3: renamed from eth0
[    6.041274] mptbase: ioc0: Initiating bringup
[    6.111203] ioc0: LSI53C1030 A0: Capabilities={Initiator}
[    7.002026] scsi host2: ioc0: LSI53C1030 A0, FwRev=00000000h, Ports=1, MaxQ=256, IRQ=20
[    7.872422] scsi 2:0:0:0: Direct-Access     VBOX     HARDDISK         1.0  PQ: 0 ANSI: 5
[    7.886108] scsi target2:0:0: Beginning Domain Validation
[    7.911118] scsi target2:0:0: Domain Validation skipping write tests
[    7.925526] scsi target2:0:0: Ending Domain Validation
[    7.927892] scsi target2:0:0: asynchronous
[    7.931168] scsi 2:0:1:0: Direct-Access     VBOX     HARDDISK         1.0  PQ: 0 ANSI: 5
[    7.975647] scsi target2:0:1: Beginning Domain Validation
[    8.006239] scsi target2:0:1: Domain Validation skipping write tests
[    8.008549] scsi target2:0:1: Ending Domain Validation
[    8.010396] scsi target2:0:1: asynchronous
[    8.022468] sd 2:0:0:0: [sda] 20971520 512-byte logical blocks: (10.7 GB/10.0 GiB)
[    8.030940] sd 2:0:0:0: Attached scsi generic sg0 type 0
[    8.040742] sd 2:0:0:0: [sda] Write Protect is off
[    8.059840] sd 2:0:1:0: [sdb] 20480 512-byte logical blocks: (10.5 MB/10.0 MiB)
[    8.059925] sd 2:0:1:0: Attached scsi generic sg1 type 0
[    8.071714] sd 2:0:0:0: [sda] Incomplete mode parameter data
[    8.071726] sd 2:0:1:0: [sdb] Write Protect is off
[    8.071937] sd 2:0:1:0: [sdb] Incomplete mode parameter data
[    8.071938] sd 2:0:1:0: [sdb] Assuming drive cache: write through
[    8.104940] sd 2:0:1:0: [sdb] Attached SCSI disk
[    8.117910] sd 2:0:0:0: [sda] Assuming drive cache: write through
[    8.134664]  sda: sda1
[    8.139443] sd 2:0:0:0: [sda] Attached SCSI disk
Begin: Loading essential drivers ... [    9.544467] md: linear personality registered for level -1
[    9.549685] md: multipath personality registered for level -4
[    9.555205] md: raid0 personality registered for level 0
[    9.561247] md: raid1 personality registered for level 1
[    9.640255] raid6: sse2x1   gen()  8077 MB/s
[    9.720034] raid6: sse2x1   xor()  5989 MB/s
[    9.800433] raid6: sse2x2   gen()  9939 MB/s
[    9.876134] raid6: sse2x2   xor()  5045 MB/s
[    9.948258] raid6: sse2x4   gen()  5257 MB/s
[   10.040902] raid6: sse2x4   xor()  8470 MB/s
[   10.120057] raid6: avx2x1   gen() 15532 MB/s
[   10.190582] raid6: avx2x2   gen() 18848 MB/s
[   10.271206] raid6: avx2x4   gen() 21727 MB/s
[   10.273330] raid6: using algorithm avx2x4 gen() 21727 MB/s
[   10.280107] raid6: using avx2x2 recovery algorithm
[   10.283455] xor: automatically using best checksumming function:
[   10.336055]    avx       : 21771.000 MB/sec
[   10.345033] async_tx: api initialized (async)
[   10.356264] md: raid6 personality registered for level 6
[   10.358734] md: raid5 personality registered for level 5
[   10.362174] md: raid4 personality registered for level 4
[   10.370905] md: raid10 personality registered for level 10
done.
Begin: Running /scripts/init-premount ... done.
Begin: Mounting root file system ... Begin: Running /scripts/local-top ... done.
Begin: Running /scripts/local-premount ... [   10.412919] Btrfs loaded
Scanning for Btrfs filesystems
done.
Warning: fsck not present, so skipping root file[   10.483371] EXT4-fs (sda1): mounted filesystem with ordered data mode. Opts: (null)
 system
done.
Begin: Running /scripts/local-bottom ... done.
Begin: Running /scripts/init-bottom ... done.
[   10.745742] systemd[1]: systemd 229 running in system mode. (+PAM +AUDIT +SELINUX +IMA +APPARMOR +SMACK +SYSVINIT +UTMP +LIBCRYPTSETUP +GCRYPT +GNUTLS +ACL +XZ -LZ4 +SECCOMP +BLKID +ELFUTILS +KMOD -IDN)
[   10.771339] systemd[1]: Detected virtualization oracle.
[   10.781623] systemd[1]: Detected architecture x86-64.

Welcome to [1mUbuntu 16.04.5 LTS[0m!

[   10.800176] systemd[1]: Set hostname to <ubuntu>.
[   10.807643] systemd[1]: Initializing machine ID from random generator.
[   10.813864] systemd[1]: Installed transient /etc/machine-id file.
[   11.255061] systemd[1]: Listening on Journal Socket.
[[0;32m  OK  [0m] Listening on Journal Socket.
[   11.292815] systemd[1]: Started Forward Password Requests to Wall Directory Watch.
[[0;32m  OK  [0m] Started Forward Password Requests to Wall Directory Watch.
[   11.320856] systemd[1]: Listening on Syslog Socket.
[[0;32m  OK  [0m] Listening on Syslog Socket.
[   11.346667] systemd[1]: Listening on Device-mapper event daemon FIFOs.
[[0;32m  OK  [0m] Listening on Device-mapper event daemon FIFOs.
[   11.388170] systemd[1]: Started Trigger resolvconf update for networkd DNS.
[[0;32m  OK  [0m] Started Trigger resolvconf update for networkd DNS.
[   11.412787] systemd[1]: Listening on Journal Socket (/dev/log).
[[0;32m  OK  [0m] Listening on Journal Socket (/dev/log).
[   11.448933] systemd[1]: Reached target Swap.
[[0;32m  OK  [0m] Reached target Swap.
[   11.468969] systemd[1]: Listening on udev Control Socket.
[[0;32m  OK  [0m] Listening on udev Control Socket.
[   11.501106] systemd[1]: Reached target User and Group Name Lookups.
[[0;32m  OK  [0m] Reached target User and Group Name Lookups.
[   11.522000] systemd[1]: Listening on udev Kernel Socket.
[[0;32m  OK  [0m] Listening on udev Kernel Socket.
[   11.557529] systemd[1]: Set up automount Arbitrary Executable File Formats File System Automount Point.
[[0;32m  OK  [0m] Set up automount Arbitrary Executab...ats File System Automount Point.
[   11.600957] systemd[1]: Reached target Encrypted Volumes.
[[0;32m  OK  [0m] Reached target Encrypted Volumes.
[   11.622532] systemd[1]: Listening on LVM2 metadata daemon socket.
[[0;32m  OK  [0m] Listening on LVM2 metadata daemon socket.
[   11.643507] systemd[1]: Listening on LVM2 poll daemon socket.
[[0;32m  OK  [0m] Listening on LVM2 poll daemon socket.
[   11.684920] systemd[1]: Listening on Journal Audit Socket.
[[0;32m  OK  [0m] Listening on Journal Audit Socket.
[   11.712449] systemd[1]: Listening on /dev/initctl Compatibility Named Pipe.
[[0;32m  OK  [0m] Listening on /dev/initctl Compatibility Named Pipe.
[   11.742851] systemd[1]: Reached target System Time Synchronized.
[[0;32m  OK  [0m] Reached target System Time Synchronized.
[   11.766055] systemd[1]: Created slice User and Session Slice.
[[0;32m  OK  [0m] Created slice User and Session Slice.
[   11.777016] systemd[1]: Created slice System Slice.
[[0;32m  OK  [0m] Created slice System Slice.
[   11.804388] systemd[1]: Mounting POSIX Message Queue File System...
         Mounting POSIX Message Queue File System...
[   11.844621] systemd[1]: Mounting Debug File System...
         Mounting Debug File System...
[   11.866229] systemd[1]: Starting Remount Root and Kernel File Systems...
[   11.873346] EXT4-fs (sda1): re-mounted. Opts: (null)
         Starting Remount Root and Kernel File Systems...
[   11.920853] systemd[1]: Starting Journal Service...
         Starting Journal Service...
[   11.931519] systemd[1]: Starting Set console keymap...
         Starting Set console keymap...
[   11.937655] systemd[1]: Starting Create list of required static device nodes for the current kernel...
         Starting Create list of required st... nodes for the current kernel...
[   11.956772] systemd[1]: Starting Uncomplicated firewall...
         Starting Uncomplicated firewall...
[   11.986028] random: nonblocking pool is initialized
[   12.012590] systemd[1]: Starting Load Kernel Modules...
         Starting Load Kernel Modules...
[   12.019300] systemd[1]: Created slice system-serial\x2dgetty.slice.
[   12.032429] Loading iSCSI transport class v2.0-870.
[[0;32m  OK  [0m] Created slice system-serial\x2dgetty.slice.
[   12.043491] systemd[1]: Starting Nameserver information manager...
         Startin[   12.049357] iscsi: registered transport (tcp)
g Nameserver information manager...
[   12.057566] systemd[1]: Mounting Huge Pages File System...
         Mounting Huge Pages File System...
[   12.076684] systemd[1]: Reached target Slices.
[[0;32m  OK  [0m] Reached target Slices.
[   12.099419] iscsi: registered transport (iser)
[   12.121671] systemd[1]: Starting Monitoring of LVM2 mirrors, snapshots etc. using dmeventd or progress polling...
         Starting Monitoring of LVM2 mirrors... dmeventd or progress polling...
[   12.138324] systemd[1]: Mounted Debug File System.
[[0;32m  OK  [0m] Mounted Debug File System.
[   12.147963] systemd[1]: Mounted POSIX Message Queue File System.
[[0;32m  OK  [0m] Mounted POSIX Message Queue File System.
[   12.156284] systemd[1]: Mounted Huge Pages File System.
[[0;32m  OK  [0m] Mounted Huge Pages File System.
[   12.190466] systemd[1]: Started Journal Service.
[[0;32m  OK  [0m] Started Journal Service.
[[0;32m  OK  [0m] Started Remount Root and Kernel File Systems.
[[0;32m  OK  [0m] Started Set console keymap.
[[0;32m  OK  [0m] Started Create list of required sta...ce nodes for the current kernel.
[[0;32m  OK  [0m] Started Uncomplicated firewall.
[[0;32m  OK  [0m] Started Load Kernel Modules.
[[0;32m  OK  [0m] Started Nameserver information manager.
[[0;32m  OK  [0m] Started LVM2 metadata daemon.
         Mounting FUSE Control File System...
         Starting Apply Kernel Variables...
         Starting Create Static Device Nodes in /dev...
         Starting udev Coldplug all Devices...
         Starting Load/Save Random Seed...
         Starting Flush Journal to Persistent Storage...
[[0;32m  OK  [0m] Mounted FUSE Control File System.
[[0;32m  OK  [0m] Started Apply Kernel Variables.
[[0;32m  OK  [0m] Started Create Static Device Nodes in /dev.
[[0;32m  OK  [0m] Started Load/Save Random Seed.
[[0;32m  OK  [0m] Started udev Coldplug all Devices.
[[0;32m  OK  [0m] Started Flush Journal to Persistent Storage.
         Starting udev Kernel Device Manager...
[[0;32m  OK  [0m] Started Monitoring of LVM2 mirrors,...ng dmeventd or progress polling.
[[0;32m  OK  [0m] Started udev Kernel Device Manager.
[[0;32m  OK  [0m] Reached target Local File Systems (Pre).
[[0;32m  OK  [0m] Reached target Local File Systems.
         Starting Create Volatile Files and Directories...
         Starting LSB: AppArmor initialization...
         Starting Commit a transient machine-id on disk...
         Starting Set console font and keymap...
         Starting Tell Plymouth To Write Out Runtime Data...
         Starting Initial cloud-init job (pre-networking)...
[[0;32m  OK  [0m] Started Dispatch Password Requests to Console Directory Watch.
[[0;32m  OK  [0m] Started Create Volatile Files and Directories.
[[0;32m  OK  [0m] Started Commit a transient machine-id on disk.
[[0;32m  OK  [0m] Started Tell Plymouth To Write Out Runtime Data.
         Starting Update UTMP about System Boot/Shutdown...
[[0;32m  OK  [0m] Started Update UTMP about System Boot/Shutdown.
[[0;32m  OK  [0m] Found device /dev/ttyS0.
[[0;32m  OK  [0m] Listening on Load/Save RF Kill Switch Status /dev/rfkill Watch.
[[0;32m  OK  [0m] Started LSB: AppArmor initialization.
[   11.889387] cloud-init[501]: Cloud-init v. 18.3-9-g2e62cb8a-0ubuntu1~16.04.2 running 'init-local' at Mon, 15 Oct 2018 16:56:26 +0000. Up 11.43 seconds.
[[0;32m  OK  [0m] Started Initial cloud-init job (pre-networking).
[[0;32m  OK  [0m] Reached target Network (Pre).
         Starting Raise network interfaces...
[[0;32m  OK  [0m] Started Set console font and keymap.
[[0;32m  OK  [0m] Created slice system-getty.slice.
[[0;32m  OK  [0m] Started Raise network interfaces.
[[0;32m  OK  [0m] Reached target Network.
         Starting Initial cloud-init job (metadata service crawler)...
[   13.802080] cloud-init[933]: Cloud-init v. 18.3-9-g2e62cb8a-0ubuntu1~16.04.2 running 'init' at Mon, 15 Oct 2018 16:56:27 +0000. Up 12.82 seconds.
[   13.834825] cloud-init[933]: ci-info: +++++++++++++++++++++++++++++++++++++Net device info+++++++++++++++++++++++++++++++++++++
[   13.840205] cloud-init[933]: ci-info: +--------+------+--------------------------+---------------+--------+-------------------+
[   13.849570] cloud-init[933]: ci-info: | Device |  Up  |         Address          |      Mask     | Scope  |     Hw-Address    |
[   13.854959] cloud-init[933]: ci-info: +--------+------+--------------------------+---------------+--------+-------------------+
[   13.864491] cloud-init[933]: ci-info: | enp0s3 | True |        10.0.2.15         | 255.255.255.0 | global | 02:28:89:27:00:51 |
[   13.871358] cloud-init[933]: ci-info: | enp0s3 | True | fe80::28:89ff:fe27:51/64 |       .       |  link  | 02:28:89:27:00:51 |
[   13.881073] cloud-init[933]: ci-info: |   lo   | True |        127.0.0.1         |   255.0.0.0   |  host  |         .         |
[[0;32m  OK  [0m[   13.928940] ] cloud-initStarted Initial cloud-init job (metadata service crawler).[933]: 
ci-info: |   lo   | True |         ::1/128          |       .       |  host  |         .         |
[   13.961671] cloud-init[933]: ci-info: +--------+------+--------------------------+---------------+--------+-------------------+
[   13.962381] cloud-init[933]: ci-info: +++++++++++++++++++++++++++Route IPv4 info++++++++++++++++++++++++++++
[[0;32m  OK  [0m] Reached target System Initialization.
[   13.966361] cloud-init[933]: ci-info: +-------+-------------+----------+---------------+-----------+-------+
         [   14.047812] cloud-init[933]: ci-info: | Route | Destination | Gateway  |    Genmask    | Interface | Flags |
[   14.048874] cloud-initStarting LXD - unix socket.[933]: 
ci-info: +-------+-------------+----------+---------------+-----------+-------+
[[   14.067715] cloud-init[933]: ci-info: |   0   |   0.0.0.0   | 10.0.2.2 |    0.0.0.0    |   enp0s3  |   UG  |
[   14.068529] cloud-init[933]: ci-info: |   1   |   10.0.2.0  | 0.0.0.0  | 255.255.255.0 |   enp0s3  |   U   |
[0;32m  OK  [0m] Started Daily Cleanup of Temporary Directories.
[   14.072824] cloud-init[933]: ci-info: +-------+-------------+----------+---------------+-----------+-------+
[   14.137384] cloud-init[933]: ci-info: +++++++++++++++++++Route IPv6 info+++++++++++++++++++
         Starting Socket activation for snappy daemon.
[   14.137913] cloud-init[933]: ci-info: +-------+-------------+---------+-----------+-------+
[   14.165817] cloud-init[933]: ci-info: | Route | Destination | Gateway | Interface | Flags |
[   14.166392] cloud-init[933]: ci-info: +-------+-------------+---------+-----------+-------+
[   14.170174] cloud-init[933]: ci-info: |   0   |  fe80::/64  |    ::   |   enp0s3  |   U   |
[   14.173173] cloud-init[933]: ci-info: |   3   |   ff00::/8  |    ::   |   enp0s3  |   U   |
[[0;32m  OK  [0m] Started ACPI Events Check.
[[   14.175021] cloud-init[933]: ci-info: +-------+-------------+---------+-----------+-------+
[   14.267509] cloud-init[933]: [0;32m  OK  [0mGenerating public/private rsa key pair.] 
Reached target Paths.
[   14.270475] cloud-init[933]: Your identification has been saved in /etc/ssh/ssh_host_rsa_key.
[   14.284067] cloud-init[933]: Your public key has been saved in /etc/ssh/ssh_host_rsa_key.pub.
[[0;32m  OK  [0m] Listening on UUID daemon activation socket.
[[   14.287860] cloud-init[933]: The key fingerprint is:
[   14.302756] cloud-init[933]: SHA256:9FCY7p7JPj0I9roprgOwGfwdV0JU8X+9p7JfVNu1/uI root@ubuntu-xenial
[   14.305138] cloud-init[933]: The key's randomart image is:
[   14.308421] cloud-init[933]: +---[RSA 2048]----+
[0;32m  OK  [0m] Listening on D-Bus System Message Bus Socket.
[   14.309937] cloud-init[933]: |      oo.=o      |
[[0;32m  OK  [0m] Started Daily apt download activities.
[   14.367736] cloud-init[933]: |       .oo.      |
[[   14.396824] cloud-init[933]: |.      .=  .    o|
[0;32m  OK  [0m[   14.398175] ] cloud-initStarted Daily apt upgrade and clean activities.[933]: 
|o.   . o.o  .   B|
[   14.433153] cloud-init[933]: |.+. . o.S .  . ++|
[   14.433964] cloud-init[933]: |+  . .o .     o..|
[   14.436225] cloud-init[933]: | .   . = =     oo|
[   14.437374] cloud-init[933]: |  . .  .O o . .oo|
[   14.439331] cloud-init[933]: |  .+..++.. ..=E..|
[   14.440513] cloud-init[933]: +----[SHA256]-----+
[   14.442861] cloud-init[933]: Generating public/private dsa key pair.
[   14.444649] cloud-init[933]: Your identification has been saved in /etc/ssh/ssh_host_dsa_key.
[[0;32m  OK  [0m] Reached target Timers.
[[   14.445145] cloud-init[933]: Your public key has been saved in /etc/ssh/ssh_host_dsa_key.pub.
[   14.458167] cloud-init[933]: The key fingerprint is:
[0;32m  OK  [0m] Listening on ACPID Listen Socket.
[   14.461450] cloud-init[933]: SHA256:8VntoVnLiJlOLZn9125xans7qbSYLRzRnldeJ0du14M root@ubuntu-xenial
[   14.473800] cloud-init[933]: The key's randomart image is:
[[0;32m  OK  [0m] Reached target Cloud-config availability.
[   14.474434] cloud-init[933]: +---[DSA 1024]----+
[[   14.499167] cloud-init[933]: |                 |
[   14.499521] cloud-init[933]: |             .  .|
[   14.501693] cloud-init[933]: |        .   o =o.|
[0;32m  OK  [0m] Reached target Network is Online.
[   14.502678] cloud-init[933]: |         o % E.+X|
[   14.549246] cloud-init[933]: |        S @ O ==*|
[   14.560603] cloud-init[933]: |         o o + o+|
         Starting iSCSI initiator daemon (iscsid)...
[[0;32m  OK  [0m] Listening on LXD - unix socket.
[[0;32m  OK  [0m] Listening on Socket activation for snappy daemon.
[   14.575557] cloud-init[933]: |          o ..o.*|
[   14.642498] cloud-init[933]: |           o= +=o|
[   14.661124] [[0;32m  OK  [0m] Reached target Sockets.
[[0;32m  OK  [0m] Reached target Basic System.
cloud-init[933]: |           o.=o=+|
[   14.693236] [[0;32m  OK  [0m] Started ACPI event daemon.
         Starting LXD - container startup/shutdown...
         Starting System Logging Service...
[[0;32m  OK  [0m] Started FUSE filesystem for LXC.
         Starting Login Service...
cloud-init[933]: +----[SHA256]-----+
         Starting Snappy daemon...
         Starting Virtualbox guest utils...
[[0;32m  OK  [0m] Started Deferred execution scheduler.
[   14.719609] cloud-init[933]: Generating public/private ecdsa key pair.
         Starting Pollinate to seed the pseudo random number generator...
[   14.766974] cloud-init[933]: Your identification has been saved in /etc/ssh/ssh_host_ecdsa_key.
[   14.779591] cloud-init[933]: Your public key has been saved in /etc/ssh/ssh_host_ecdsa_key.pub.
[[0;32m  OK  [0m] Started D-Bus System Message Bus.
[   14.794277] cloud-init[933]: The key fingerprint is:
[   14.808412] cloud-init[933]: SHA256:T/DDR78ON6FT0Hs5mcHj+zPl1M3WcKXGmI4gH5gtF+o root@ubuntu-xenial
[   14.819254] cloud-init[933]: The key's randomart image is:
[   14.849502] cloud-init[933]: +---[ECDSA 256]---+
[   14.854905] cloud-init[933]: |                 |
[   14.857916] cloud-init[933]: |        .    .. .|
[   14.866972] cloud-init[933]: |       =..  o+.=.|
[   14.872570] cloud-init[933]: |      * =+ .oo*.B|
[   14.884179] cloud-init[933]: |     . =So=o..=X=|
[   14.893154] cloud-init[933]: |      E .o.o.o +@|
[   14.903950] cloud-init[933]: |          . + +=.|
[   14.910456] cloud-init[933]: |             = +o|
[   14.918647] cloud-init[933]: |              . +|
[   14.926276] cloud-init[933]: +----[SHA256]-----+
[   14.950870] cloud-init[933]: Generating public/private ed25519 key pair.
[   14.951479] cloud-init[933]: Your identification has been saved in /etc/ssh/ssh_host_ed25519_key.
[[0;32m  OK  [0m] Started Regular background program processing daemon.
[[0;32m  OK  [0m] Started Unattended Upgrades Shutdown.
[   14.953240] cloud-init[933]: Your public key has been saved in /etc/ssh/ssh_host_ed25519_key.pub.
[   15.012532]          Starting LSB: Record successful boot for GRUB...
cloud-init[933]: The key fingerprint is:
[   15.031415]          Starting LSB: MD monitoring daemon...
         Starting Accounts Service...
         Starting /etc/rc.local Compatibility...
cloud-init[[0;32m  OK  [0m] Started System Logging Service.
[[0;32m  OK  [0m] Started iSCSI initiator daemon (iscsid).
[[0;32m  OK  [0m] Started LXD - container startup/shutdown.
[933]: SHA256:GIdzVLg2OPyslaUpmJ5YcVzftXpdEfMJ8yzfLpJowqU root@ubuntu-xenial
[   15.061579] [[0;32m  OK  [0m] Started /etc/rc.local Compatibility.
cloud-init[933]: The key's randomart image is:
[   15.073776] cloud-init[933]: +--[ED25519 256]--+
[   15.084763] cloud-init[933]: |        .o.  o o.|
[   15.089318] cloud-init[933]: |       oo     *.+|
[   15.095811] cloud-init[933]: |     o+ooo . o =o|
         Starting Login to default iSCSI targets...
[[0;32m  OK  [0m] Started Login Service.
[   15.132039] cloud-init[933]: |    . **+ o . + o|
[   15.146815] cloud-init[933]: |     =.=S*.  . oo|
[   15.150085] cloud-init[933]: |    + ..Bo ......|
[   15.152851] cloud-init[933]: |   + . +E o o.. .|
[   15.156064] cloud-init[933]: |  . o .  o   . . |
[[0;32m  OK  [0m] Started Snappy daemon.
[[0;32m  OK  [0m] Started LSB: Record successful boot for GRUB.
[   15.167001] cloud-init[933]: |                 |
[   15.177828] cloud-init[933]: +----[SHA256]-----+
         Starting Wait until snapd is fully seeded...
[[0;32m  OK  [0m] Started LSB: MD monitoring daemon.
         Starting Authenticate and Authorize Users to Run Privileged Tasks...
[[0;32m  OK  [0m] Started Login to default iSCSI targets.
[[0;32m  OK  [0m] Reached target Remote File Systems (Pre).
[[0;32m  OK  [0m] Reached target Remote File Systems.
         Starting LSB: daemon to balance interrupts for SMP systems...
         Starting LSB: automatic crash report generation...
         Starting Permit User Sessions...
         Starting LSB: Set the CPU Frequency Scaling governor to "ondemand"...
[[0;32m  OK  [0m] Started Pollinate to seed the pseudo random number generator.
[[0;32m  OK  [0m] Started Authenticate and Authorize Users to Run Privileged Tasks.
[[0;32m  OK  [0m] Started Permit User Sessions.
[[0;32m  OK  [0m] Started Accounts Service.
[[0;32m  OK  [0m] Started Virtualbox guest utils.
         Starting Hold until boot process finishes up...
         Starting Terminate Plymouth Boot Screen...
         Starting OpenBSD Secure Shell server...
[[0;32m  OK  [0m] Started LSB: daemon to balance interrupts for SMP systems.
[[0;32m  OK  [0m] Started LSB: automatic crash report generation.
[[0;32m  OK  [0m] Started LSB: Set the CPU Frequency Scaling governor to "ondemand".
[[0;32m  OK  [0m] Started Hold until boot process finishes up.
[[0;32m  OK  [0m] Started Terminate Plymouth Boot Screen.
[[0;32m  OK  [0m] Started OpenBSD Secure Shell server.
[[0;32m  OK  [0m] Started Serial Getty on ttyS0.
[[0;32m  OK  [0m] Started Getty on tty1.
[[0;32m  OK  [0m] Reached target Login Prompts.
         Starting Set console scheme...
[[0;32m  OK  [0m] Started Set console scheme.
[[0;32m  OK  [0m] Created slice User Slice of vagrant.
[[0;32m  OK  [0m] Started Session 1 of user vagrant.
         Starting User Manager for UID 1000...
[[0;32m  OK  [0m] Started User Manager for UID 1000.
[[0;32m  OK  [0m] Started Wait until snapd is fully seeded.
         Starting Apply the settings specified in cloud-config...
[[0;32m  OK  [0m] Reached target Multi-User System.
[[0;32m  OK  [0m] Reached target Graphical Interface.
         Starting Update UTMP about System Runlevel Changes...
[[0;32m  OK  [0m] Started Update UTMP about System Runlevel Changes.
[   16.874169] cloud-init[1274]: Generating locales (this might take a while)...
[   18.131774] cloud-init[1274]:   en_US.UTF-8... done
[   18.144584] cloud-init[1274]: Generation complete.
         Stopping User Manager for UID 1000...
[[0;32m  OK  [0m] Stopped User Manager for UID 1000.
[[0;32m  OK  [0m] Removed slice User Slice of vagrant.
[[0;32m  OK  [0m] Created slice User Slice of vagrant.
         Starting User Manager for UID 1000...
[[0;32m  OK  [0m] Started Session 2 of user vagrant.
[[0;32m  OK  [0m] Started User Manager for UID 1000.
[   18.838529] cloud-init[1274]: Cloud-init v. 18.3-9-g2e62cb8a-0ubuntu1~16.04.2 running 'modules:config' at Mon, 15 Oct 2018 16:56:31 +0000. Up 16.49 seconds.
[[0;32m  OK  [0m] Started Apply the settings specified in cloud-config.
         Starting Execute cloud user/final scripts...
ci-info: no authorized ssh keys fingerprints found for user ubuntu.
<14>Oct 15 16:56:34 ec2: 
<14>Oct 15 16:56:34 ec2: #############################################################
<14>Oct 15 16:56:34 ec2: -----BEGIN SSH HOST KEY FINGERPRINTS-----
<14>Oct 15 16:56:34 ec2: 1024 SHA256:8VntoVnLiJlOLZn9125xans7qbSYLRzRnldeJ0du14M root@ubuntu-xenial (DSA)
<14>Oct 15 16:56:34 ec2: 256 SHA256:T/DDR78ON6FT0Hs5mcHj+zPl1M3WcKXGmI4gH5gtF+o root@ubuntu-xenial (ECDSA)
<14>Oct 15 16:56:34 ec2: 256 SHA256:GIdzVLg2OPyslaUpmJ5YcVzftXpdEfMJ8yzfLpJowqU root@ubuntu-xenial (ED25519)
<14>Oct 15 16:56:34 ec2: 2048 SHA256:9FCY7p7JPj0I9roprgOwGfwdV0JU8X+9p7JfVNu1/uI root@ubuntu-xenial (RSA)
<14>Oct 15 16:56:34 ec2: -----END SSH HOST KEY FINGERPRINTS-----
<14>Oct 15 16:56:34 ec2: #############################################################
-----BEGIN SSH HOST KEY KEYS-----
ecdsa-sha2-nistp256 AAAAE2VjZHNhLXNoYTItbmlzdHAyNTYAAAAIbmlzdHAyNTYAAABBBCVtc41gCnSC82FEjpsSqL6/ow2daqks6eZcuKVZK5dkCkxYA5+4vW0CrZrY4d70fM7uXO6crJZMkBcfjsRxbsg= root@ubuntu-xenial
ssh-ed25519 AAAAC3NzaC1lZDI1NTE5AAAAIHcvryrCrC1d/TdbHzTTLnA4L5aE4+iSDEd9KyXTPB6/ root@ubuntu-xenial
ssh-rsa AAAAB3NzaC1yc2EAAAADAQABAAABAQDPvkTSqx21srN4fDtZib1MLSPc7Af5rQ8eDnkIgJAFn2sR0XhaUbJKdxGJgFZ6DmgULSbf0I5HumUq8f8+o+83WPNDoq6ZQfK76Zxs4AQSjAt39SZsDIcTz/u4zjxEHe7uxDynLFFnWLjXFOh6Nk1L6BkPVOkMNvOKoKu3sDuv57nVlggGnkp9ENYHVuUdMp3FlgxLT0O45jRkU/Qn6LZacdb7rcUM3WdXIalLrmG/IoyVyabggk7ld6Kz972GbtfZWsPdqp8VqUDoC3LDRnYBiy9jEe9+6q1AVvLjYMHDtDLsbIAR35+HdBYX799K4JegOMTWM31QZ49pT2vg0zxr root@ubuntu-xenial
-----END SSH HOST KEY KEYS-----
[   19.777143] cloud-init[1539]: Cloud-init v. 18.3-9-g2e62cb8a-0ubuntu1~16.04.2 running 'modules:final' at Mon, 15 Oct 2018 16:56:34 +0000. Up 19.30 seconds.
[   19.784268] cloud-init[1539]: ci-info: no authorized ssh keys fingerprints found for user ubuntu.
[   19.788928] cloud-init[1539]: Cloud-init v. 18.3-9-g2e62cb8a-0ubuntu1~16.04.2 finished at Mon, 15 Oct 2018 16:56:34 +0000. Datasource DataSourceNoCloud [seed=/dev/sdb][dsmode=net].  Up 19.76 seconds
[[0;32m  OK  [0m] Started Execute cloud user/final scripts.
[[0;32m  OK  [0m] Reached target Cloud-init target.

Ubuntu 16.04.5 LTS ubuntu-xenial ttyS0

ubuntu-xenial login: 